b9638cd8693a
 INFO - ::group::Log message source details
*** Found local files:
***   * /usr/local/airflow/logs/dag_id=hourly_tps_calls_dag/run_id=manual__2025-05-05T17:05:06.217252+00:00/task_id=load_data_to_snowflake/attempt=1.log
 INFO - ::endgroup::
[2025-05-05T17:05:10.314+0000] {local_task_job_runner.py:123} INFO - ::group::Pre task execution logs
[2025-05-05T17:05:10.332+0000] {taskinstance.py:2614} INFO - Dependencies all met for dep_context=non-requeueable deps ti=<TaskInstance: hourly_tps_calls_dag.load_data_to_snowflake manual__2025-05-05T17:05:06.217252+00:00 [queued]>
[2025-05-05T17:05:10.338+0000] {taskinstance.py:2614} INFO - Dependencies all met for dep_context=requeueable deps ti=<TaskInstance: hourly_tps_calls_dag.load_data_to_snowflake manual__2025-05-05T17:05:06.217252+00:00 [queued]>
[2025-05-05T17:05:10.338+0000] {taskinstance.py:2867} INFO - Starting attempt 1 of 1
[2025-05-05T17:05:10.346+0000] {taskinstance.py:2890} INFO - Executing <Task(PythonOperator): load_data_to_snowflake> on 2025-05-05 17:05:06.217252+00:00
[2025-05-05T17:05:10.358+0000] {standard_task_runner.py:104} INFO - Running: ['airflow', 'tasks', 'run', 'hourly_tps_calls_dag', 'load_data_to_snowflake', 'manual__2025-05-05T17:05:06.217252+00:00', '--job-id', '252', '--raw', '--subdir', 'DAGS_FOLDER/TPScallsDag.py', '--cfg-path', '/tmp/tmpt0ypbsz1']
[2025-05-05T17:05:10.362+0000] {logging_mixin.py:190} WARNING - /usr/local/lib/python3.12/site-packages/airflow/task/task_runner/standard_task_runner.py:70 DeprecationWarning: This process (pid=2121) is multi-threaded, use of fork() may lead to deadlocks in the child.
[2025-05-05T17:05:10.367+0000] {standard_task_runner.py:72} INFO - Started process 2122 to run task
[2025-05-05T17:05:10.367+0000] {standard_task_runner.py:105} INFO - Job 252: Subtask load_data_to_snowflake
[2025-05-05T17:05:10.418+0000] {task_command.py:467} INFO - Running <TaskInstance: hourly_tps_calls_dag.load_data_to_snowflake manual__2025-05-05T17:05:06.217252+00:00 [running]> on host b9638cd8693a
[2025-05-05T17:05:10.499+0000] {taskinstance.py:3134} INFO - Exporting env vars: AIRFLOW_CTX_DAG_OWNER='airflow' AIRFLOW_CTX_DAG_ID='hourly_tps_calls_dag' AIRFLOW_CTX_TASK_ID='load_data_to_snowflake' AIRFLOW_CTX_EXECUTION_DATE='2025-05-05T17:05:06.217252+00:00' AIRFLOW_CTX_TRY_NUMBER='1' AIRFLOW_CTX_DAG_RUN_ID='manual__2025-05-05T17:05:06.217252+00:00'
[2025-05-05T17:05:10.504+0000] {taskinstance.py:732} INFO - ::endgroup::
[2025-05-05T17:05:10.518+0000] {TPScallsDag.py:180} INFO - Loading file from: /tmp/tpscalls.csv
[2025-05-05T17:05:10.518+0000] {TPScallsDag.py:181} INFO - Target stage: TPS_ANALYTICS.TPS.TPS_STAGE
[2025-05-05T17:05:10.548+0000] {base.py:84} INFO - Retrieving connection 'snowflake_conn'
[2025-05-05T17:05:10.549+0000] {connection.py:486} INFO - Snowflake Connector for Python Version: 3.15.0, Python Version: 3.12.10, Platform: Linux-6.12.5-linuxkit-aarch64-with-glibc2.36
[2025-05-05T17:05:10.549+0000] {connection.py:1391} INFO - Connecting to GLOBAL Snowflake domain
[2025-05-05T17:05:11.383+0000] {sql.py:624} INFO - Running statement: PUT file:///tmp/tpscalls.csv @TPS_ANALYTICS.TPS.TPS_STAGE OVERWRITE = TRUE;, parameters: None
[2025-05-05T17:05:11.747+0000] {sql.py:633} INFO - Rows affected: 1
[2025-05-05T17:05:11.748+0000] {snowflake.py:487} INFO - Rows affected: 1
[2025-05-05T17:05:11.748+0000] {snowflake.py:488} INFO - Snowflake query id: 01bc2621-0001-7715-0002-ca4e00014df6
[2025-05-05T17:05:11.922+0000] {TPScallsDag.py:187} INFO - File successfully uploaded to stage
[2025-05-05T17:05:11.923+0000] {connection.py:486} INFO - Snowflake Connector for Python Version: 3.15.0, Python Version: 3.12.10, Platform: Linux-6.12.5-linuxkit-aarch64-with-glibc2.36
[2025-05-05T17:05:11.925+0000] {connection.py:1391} INFO - Connecting to GLOBAL Snowflake domain
[2025-05-05T17:05:12.601+0000] {sql.py:624} INFO - Running statement: COPY INTO TPS_ANALYTICS.TPS.TPS_CALLS
			FROM @TPS_ANALYTICS.TPS.TPS_STAGE/tpscalls.csv.gz
			FILE_FORMAT = (TYPE = 'CSV', FIELD_DELIMITER = ',', SKIP_HEADER = 1, DATE_FORMAT = 'YYYY-MM-DD HH24:MI:SS'), parameters: None
[2025-05-05T17:05:13.995+0000] {sql.py:633} INFO - Rows affected: 1
[2025-05-05T17:05:13.996+0000] {snowflake.py:487} INFO - Rows affected: 1
[2025-05-05T17:05:13.996+0000] {snowflake.py:488} INFO - Snowflake query id: 01bc2621-0001-77ba-0002-ca4e00022086
[2025-05-05T17:05:14.606+0000] {TPScallsDag.py:197} INFO - COPY command result: None
[2025-05-05T17:05:14.610+0000] {connection.py:486} INFO - Snowflake Connector for Python Version: 3.15.0, Python Version: 3.12.10, Platform: Linux-6.12.5-linuxkit-aarch64-with-glibc2.36
[2025-05-05T17:05:14.616+0000] {connection.py:1391} INFO - Connecting to GLOBAL Snowflake domain
[2025-05-05T17:05:15.070+0000] {sql.py:624} INFO - Running statement: SELECT COUNT(*) FROM TPS_ANALYTICS.TPS.TPS_CALLS, parameters: None
[2025-05-05T17:05:15.472+0000] {sql.py:633} INFO - Rows affected: 1
[2025-05-05T17:05:15.472+0000] {snowflake.py:487} INFO - Rows affected: 1
[2025-05-05T17:05:15.472+0000] {snowflake.py:488} INFO - Snowflake query id: 01bc2621-0001-771f-0002-ca4e0002020e
[2025-05-05T17:05:15.614+0000] {TPScallsDag.py:203} INFO - Current row count in table: None
[2025-05-05T17:05:15.615+0000] {python.py:240} INFO - Done. Returned value was: None
[2025-05-05T17:05:15.640+0000] {taskinstance.py:341} INFO - ::group::Post task execution logs
[2025-05-05T17:05:15.641+0000] {taskinstance.py:353} INFO - Marking task as SUCCESS. dag_id=hourly_tps_calls_dag, task_id=load_data_to_snowflake, run_id=manual__2025-05-05T17:05:06.217252+00:00, execution_date=20250505T170506, start_date=20250505T170510, end_date=20250505T170515
[2025-05-05T17:05:15.695+0000] {local_task_job_runner.py:266} INFO - Task exited with return code 0
[2025-05-05T17:05:15.706+0000] {taskinstance.py:3901} INFO - 0 downstream tasks scheduled from follow-on schedule check
[2025-05-05T17:05:15.707+0000] {local_task_job_runner.py:245} INFO - ::endgroup::
